<?xml version="1.0" encoding="UTF-8"?>
<!-- Generated by org.testng.reporters.JUnitXMLReporter -->
<testsuite ignored="0" hostname="Aiswarya-PC" failures="0" tests="4" name="Default test" time="0.065" errors="0" timestamp="2020-08-09T10:31:46 IST">
  <testcase classname="MavenDemo.MavenDemo.AppTest" name="div" time="0.011"/>
  <testcase classname="MavenDemo.MavenDemo.AppTest" name="mul" time="0.002"/>
  <testcase classname="MavenDemo.MavenDemo.AppTest" name="sub" time="0.002"/>
  <testcase classname="MavenDemo.MavenDemo.AppTest" name="sum" time="0.002"/>
</testsuite> <!-- Default test -->
