<?xml version="1.0" encoding="UTF-8"?>
<!-- Generated by org.testng.reporters.JUnitXMLReporter -->
<testsuite ignored="0" hostname="Aiswarya-PC" failures="0" tests="12" name="Test" time="0.055" errors="0" timestamp="2020-08-09T11:05:34 IST">
  <testcase classname="com.qa.tests.AppTest" name="div" time="0.005"/>
  <testcase classname="com.qa.tests.AppTest" name="mul" time="0.001"/>
  <testcase classname="com.qa.tests.AppTest" name="sub" time="0.001"/>
  <testcase classname="com.qa.tests.AppTest" name="sum" time="0.0"/>
  <testcase classname="com.qa.tests.AppTest1" name="div" time="0.0"/>
  <testcase classname="com.qa.tests.AppTest1" name="mul" time="0.001"/>
  <testcase classname="com.qa.tests.AppTest1" name="sub" time="0.0"/>
  <testcase classname="com.qa.tests.AppTest1" name="sum" time="0.0"/>
  <testcase classname="com.qa.tests.AppTest2" name="div" time="0.0"/>
  <testcase classname="com.qa.tests.AppTest2" name="mul" time="0.0"/>
  <testcase classname="com.qa.tests.AppTest2" name="sub" time="0.0"/>
  <testcase classname="com.qa.tests.AppTest2" name="sum" time="0.0"/>
</testsuite> <!-- Test -->
