<?xml version="1.0" encoding="UTF-8"?>
<testng-results ignored="0" total="12" passed="12" failed="0" skipped="0">
  <reporter-output>
  </reporter-output>
  <suite started-at="2020-08-09T11:05:34 IST" name="Suite" finished-at="2020-08-09T11:05:34 IST" duration-ms="55">
    <groups>
    </groups>
    <test started-at="2020-08-09T11:05:34 IST" name="Test" finished-at="2020-08-09T11:05:34 IST" duration-ms="55">
      <class name="com.qa.tests.AppTest2">
        <test-method signature="div()[pri:0, instance:com.qa.tests.AppTest2@e50a6f6]" started-at="2020-08-09T11:05:34 IST" name="div" finished-at="2020-08-09T11:05:34 IST" duration-ms="0" status="PASS">
          <reporter-output>
          </reporter-output>
        </test-method> <!-- div -->
        <test-method signature="mul()[pri:0, instance:com.qa.tests.AppTest2@e50a6f6]" started-at="2020-08-09T11:05:34 IST" name="mul" finished-at="2020-08-09T11:05:34 IST" duration-ms="0" status="PASS">
          <reporter-output>
          </reporter-output>
        </test-method> <!-- mul -->
        <test-method signature="sub()[pri:0, instance:com.qa.tests.AppTest2@e50a6f6]" started-at="2020-08-09T11:05:34 IST" name="sub" finished-at="2020-08-09T11:05:34 IST" duration-ms="0" status="PASS">
          <reporter-output>
          </reporter-output>
        </test-method> <!-- sub -->
        <test-method signature="sum()[pri:0, instance:com.qa.tests.AppTest2@e50a6f6]" started-at="2020-08-09T11:05:34 IST" name="sum" finished-at="2020-08-09T11:05:34 IST" duration-ms="0" status="PASS">
          <reporter-output>
          </reporter-output>
        </test-method> <!-- sum -->
      </class> <!-- com.qa.tests.AppTest2 -->
      <class name="com.qa.tests.AppTest1">
        <test-method signature="div()[pri:0, instance:com.qa.tests.AppTest1@4034c28c]" started-at="2020-08-09T11:05:34 IST" name="div" finished-at="2020-08-09T11:05:34 IST" duration-ms="0" status="PASS">
          <reporter-output>
          </reporter-output>
        </test-method> <!-- div -->
        <test-method signature="mul()[pri:0, instance:com.qa.tests.AppTest1@4034c28c]" started-at="2020-08-09T11:05:34 IST" name="mul" finished-at="2020-08-09T11:05:34 IST" duration-ms="1" status="PASS">
          <reporter-output>
          </reporter-output>
        </test-method> <!-- mul -->
        <test-method signature="sub()[pri:0, instance:com.qa.tests.AppTest1@4034c28c]" started-at="2020-08-09T11:05:34 IST" name="sub" finished-at="2020-08-09T11:05:34 IST" duration-ms="0" status="PASS">
          <reporter-output>
          </reporter-output>
        </test-method> <!-- sub -->
        <test-method signature="sum()[pri:0, instance:com.qa.tests.AppTest1@4034c28c]" started-at="2020-08-09T11:05:34 IST" name="sum" finished-at="2020-08-09T11:05:34 IST" duration-ms="0" status="PASS">
          <reporter-output>
          </reporter-output>
        </test-method> <!-- sum -->
      </class> <!-- com.qa.tests.AppTest1 -->
      <class name="com.qa.tests.AppTest">
        <test-method signature="div()[pri:0, instance:com.qa.tests.AppTest@2d9d4f9d]" started-at="2020-08-09T11:05:34 IST" name="div" finished-at="2020-08-09T11:05:34 IST" duration-ms="5" status="PASS">
          <reporter-output>
          </reporter-output>
        </test-method> <!-- div -->
        <test-method signature="mul()[pri:0, instance:com.qa.tests.AppTest@2d9d4f9d]" started-at="2020-08-09T11:05:34 IST" name="mul" finished-at="2020-08-09T11:05:34 IST" duration-ms="1" status="PASS">
          <reporter-output>
          </reporter-output>
        </test-method> <!-- mul -->
        <test-method signature="sub()[pri:0, instance:com.qa.tests.AppTest@2d9d4f9d]" started-at="2020-08-09T11:05:34 IST" name="sub" finished-at="2020-08-09T11:05:34 IST" duration-ms="1" status="PASS">
          <reporter-output>
          </reporter-output>
        </test-method> <!-- sub -->
        <test-method signature="sum()[pri:0, instance:com.qa.tests.AppTest@2d9d4f9d]" started-at="2020-08-09T11:05:34 IST" name="sum" finished-at="2020-08-09T11:05:34 IST" duration-ms="0" status="PASS">
          <reporter-output>
          </reporter-output>
        </test-method> <!-- sum -->
      </class> <!-- com.qa.tests.AppTest -->
    </test> <!-- Test -->
  </suite> <!-- Suite -->
</testng-results>
