<?xml version="1.0" encoding="UTF-8"?>
<testng-results ignored="0" total="12" passed="12" failed="0" skipped="0">
  <reporter-output>
  </reporter-output>
  <suite started-at="2020-08-09T10:42:45 IST" name="Suite" finished-at="2020-08-09T10:42:45 IST" duration-ms="143">
    <groups>
    </groups>
    <test started-at="2020-08-09T10:42:45 IST" name="Test" finished-at="2020-08-09T10:42:45 IST" duration-ms="143">
      <class name="com.qa.tests.AppTest2">
        <test-method signature="div()[pri:0, instance:com.qa.tests.AppTest2@6973bf95]" started-at="2020-08-09T10:42:45 IST" name="div" finished-at="2020-08-09T10:42:45 IST" duration-ms="3" status="PASS">
          <reporter-output>
          </reporter-output>
        </test-method> <!-- div -->
        <test-method signature="mul()[pri:0, instance:com.qa.tests.AppTest2@6973bf95]" started-at="2020-08-09T10:42:45 IST" name="mul" finished-at="2020-08-09T10:42:45 IST" duration-ms="3" status="PASS">
          <reporter-output>
          </reporter-output>
        </test-method> <!-- mul -->
        <test-method signature="sub()[pri:0, instance:com.qa.tests.AppTest2@6973bf95]" started-at="2020-08-09T10:42:45 IST" name="sub" finished-at="2020-08-09T10:42:45 IST" duration-ms="3" status="PASS">
          <reporter-output>
          </reporter-output>
        </test-method> <!-- sub -->
        <test-method signature="sum()[pri:0, instance:com.qa.tests.AppTest2@6973bf95]" started-at="2020-08-09T10:42:45 IST" name="sum" finished-at="2020-08-09T10:42:45 IST" duration-ms="3" status="PASS">
          <reporter-output>
          </reporter-output>
        </test-method> <!-- sum -->
      </class> <!-- com.qa.tests.AppTest2 -->
      <class name="com.qa.tests.AppTest1">
        <test-method signature="div()[pri:0, instance:com.qa.tests.AppTest1@6ce139a4]" started-at="2020-08-09T10:42:45 IST" name="div" finished-at="2020-08-09T10:42:45 IST" duration-ms="3" status="PASS">
          <reporter-output>
          </reporter-output>
        </test-method> <!-- div -->
        <test-method signature="mul()[pri:0, instance:com.qa.tests.AppTest1@6ce139a4]" started-at="2020-08-09T10:42:45 IST" name="mul" finished-at="2020-08-09T10:42:45 IST" duration-ms="4" status="PASS">
          <reporter-output>
          </reporter-output>
        </test-method> <!-- mul -->
        <test-method signature="sub()[pri:0, instance:com.qa.tests.AppTest1@6ce139a4]" started-at="2020-08-09T10:42:45 IST" name="sub" finished-at="2020-08-09T10:42:45 IST" duration-ms="3" status="PASS">
          <reporter-output>
          </reporter-output>
        </test-method> <!-- sub -->
        <test-method signature="sum()[pri:0, instance:com.qa.tests.AppTest1@6ce139a4]" started-at="2020-08-09T10:42:45 IST" name="sum" finished-at="2020-08-09T10:42:45 IST" duration-ms="2" status="PASS">
          <reporter-output>
          </reporter-output>
        </test-method> <!-- sum -->
      </class> <!-- com.qa.tests.AppTest1 -->
      <class name="com.qa.tests.AppTest">
        <test-method signature="div()[pri:0, instance:com.qa.tests.AppTest@1fe20588]" started-at="2020-08-09T10:42:45 IST" name="div" finished-at="2020-08-09T10:42:45 IST" duration-ms="15" status="PASS">
          <reporter-output>
          </reporter-output>
        </test-method> <!-- div -->
        <test-method signature="mul()[pri:0, instance:com.qa.tests.AppTest@1fe20588]" started-at="2020-08-09T10:42:45 IST" name="mul" finished-at="2020-08-09T10:42:45 IST" duration-ms="3" status="PASS">
          <reporter-output>
          </reporter-output>
        </test-method> <!-- mul -->
        <test-method signature="sub()[pri:0, instance:com.qa.tests.AppTest@1fe20588]" started-at="2020-08-09T10:42:45 IST" name="sub" finished-at="2020-08-09T10:42:45 IST" duration-ms="2" status="PASS">
          <reporter-output>
          </reporter-output>
        </test-method> <!-- sub -->
        <test-method signature="sum()[pri:0, instance:com.qa.tests.AppTest@1fe20588]" started-at="2020-08-09T10:42:45 IST" name="sum" finished-at="2020-08-09T10:42:45 IST" duration-ms="1" status="PASS">
          <reporter-output>
          </reporter-output>
        </test-method> <!-- sum -->
      </class> <!-- com.qa.tests.AppTest -->
    </test> <!-- Test -->
  </suite> <!-- Suite -->
</testng-results>
